Hash: 91f1ab4b11d4dba96623
Version: webpack 4.39.1
Time: 28411ms
Built at: 08/14/2019 10:42:58 AM
                                                            Asset        Size  Chunks             Chunk Names
                                                             0.js     248 KiB       0  [emitted]  
                                                             1.js    14.3 KiB       1  [emitted]  
                                                            10.js    11.7 KiB      10  [emitted]  
                                                            11.js    91.3 KiB      11  [emitted]  
                                                            12.js    90.4 KiB      12  [emitted]  
                                                            13.js      76 KiB      13  [emitted]  
                                                            14.js      52 KiB      14  [emitted]  
                                                            15.js    42.3 KiB      15  [emitted]  
                                                            16.js    74.8 KiB      16  [emitted]  
                                                            17.js    35.7 KiB      17  [emitted]  
                                                            18.js    35.8 KiB      18  [emitted]  
                                                            19.js    35.4 KiB      19  [emitted]  
                                                             2.js    34.4 KiB       2  [emitted]  
                                                            20.js    53.3 KiB      20  [emitted]  
                                                            21.js    48.1 KiB      21  [emitted]  
                                                            22.js    43.8 KiB      22  [emitted]  
                                                            23.js    40.6 KiB      23  [emitted]  
                                                            24.js     434 KiB      24  [emitted]  
                                                            25.js      26 KiB      25  [emitted]  
                                                            26.js    25.6 KiB      26  [emitted]  
                                                            27.js    13.6 KiB      27  [emitted]  
                                                            28.js    9.44 KiB      28  [emitted]  
                                                            29.js    5.49 KiB      29  [emitted]  
                                                             3.js     385 KiB       3  [emitted]  
                                                            30.js    13.8 KiB      30  [emitted]  
                                                            31.js    9.01 KiB      31  [emitted]  
                                                            32.js    15.4 KiB      32  [emitted]  
                                                            33.js    12.7 KiB      33  [emitted]  
                                                             4.js     353 KiB       4  [emitted]  
                            47cf41e3ebf41072203c1626db2cfd27.gltf     119 KiB          [emitted]  
                                                             5.js    3.97 MiB       5  [emitted]  
                                                             6.js    57.3 KiB       6  [emitted]  
                                                             7.js    50.6 KiB       7  [emitted]  
                                                             8.js    21.8 KiB       8  [emitted]  
                                                             9.js    20.9 KiB       9  [emitted]  
                     Cesium/Assets/IAU2006_XYS/IAU2006_XYS_0.json    65.8 KiB          [emitted]  
                     Cesium/Assets/IAU2006_XYS/IAU2006_XYS_1.json    65.7 KiB          [emitted]  
                    Cesium/Assets/IAU2006_XYS/IAU2006_XYS_10.json    64.4 KiB          [emitted]  
                    Cesium/Assets/IAU2006_XYS/IAU2006_XYS_11.json    63.5 KiB          [emitted]  
                    Cesium/Assets/IAU2006_XYS/IAU2006_XYS_12.json    63.1 KiB          [emitted]  
                    Cesium/Assets/IAU2006_XYS/IAU2006_XYS_13.json    64.3 KiB          [emitted]  
                    Cesium/Assets/IAU2006_XYS/IAU2006_XYS_14.json      64 KiB          [emitted]  
                    Cesium/Assets/IAU2006_XYS/IAU2006_XYS_15.json    64.2 KiB          [emitted]  
                    Cesium/Assets/IAU2006_XYS/IAU2006_XYS_16.json    64.5 KiB          [emitted]  
                    Cesium/Assets/IAU2006_XYS/IAU2006_XYS_17.json    64.1 KiB          [emitted]  
                    Cesium/Assets/IAU2006_XYS/IAU2006_XYS_18.json    63.8 KiB          [emitted]  
                    Cesium/Assets/IAU2006_XYS/IAU2006_XYS_19.json      64 KiB          [emitted]  
                     Cesium/Assets/IAU2006_XYS/IAU2006_XYS_2.json    66.2 KiB          [emitted]  
                    Cesium/Assets/IAU2006_XYS/IAU2006_XYS_20.json    63.8 KiB          [emitted]  
                    Cesium/Assets/IAU2006_XYS/IAU2006_XYS_21.json    63.3 KiB          [emitted]  
                    Cesium/Assets/IAU2006_XYS/IAU2006_XYS_22.json    63.5 KiB          [emitted]  
                    Cesium/Assets/IAU2006_XYS/IAU2006_XYS_23.json    64.5 KiB          [emitted]  
                    Cesium/Assets/IAU2006_XYS/IAU2006_XYS_24.json    63.4 KiB          [emitted]  
                    Cesium/Assets/IAU2006_XYS/IAU2006_XYS_25.json    63.4 KiB          [emitted]  
                    Cesium/Assets/IAU2006_XYS/IAU2006_XYS_26.json    63.8 KiB          [emitted]  
                    Cesium/Assets/IAU2006_XYS/IAU2006_XYS_27.json      27 KiB          [emitted]  
                     Cesium/Assets/IAU2006_XYS/IAU2006_XYS_3.json    64.9 KiB          [emitted]  
                     Cesium/Assets/IAU2006_XYS/IAU2006_XYS_4.json    64.4 KiB          [emitted]  
                     Cesium/Assets/IAU2006_XYS/IAU2006_XYS_5.json    63.8 KiB          [emitted]  
                     Cesium/Assets/IAU2006_XYS/IAU2006_XYS_6.json    64.1 KiB          [emitted]  
                     Cesium/Assets/IAU2006_XYS/IAU2006_XYS_7.json    65.5 KiB          [emitted]  
                     Cesium/Assets/IAU2006_XYS/IAU2006_XYS_8.json    65.4 KiB          [emitted]  
                     Cesium/Assets/IAU2006_XYS/IAU2006_XYS_9.json    65.3 KiB          [emitted]  
                         Cesium/Assets/Textures/GlobalBkLayer.jpg     203 KiB          [emitted]  
                  Cesium/Assets/Textures/NaturalEarthII/0/0/0.jpg    11.8 KiB          [emitted]  
                  Cesium/Assets/Textures/NaturalEarthII/0/1/0.jpg    13.7 KiB          [emitted]  
                  Cesium/Assets/Textures/NaturalEarthII/1/0/0.jpg    7.11 KiB          [emitted]  
                  Cesium/Assets/Textures/NaturalEarthII/1/0/1.jpg    11.1 KiB          [emitted]  
                  Cesium/Assets/Textures/NaturalEarthII/1/1/0.jpg    10.4 KiB          [emitted]  
                  Cesium/Assets/Textures/NaturalEarthII/1/1/1.jpg    12.8 KiB          [emitted]  
                  Cesium/Assets/Textures/NaturalEarthII/1/2/0.jpg    9.42 KiB          [emitted]  
                  Cesium/Assets/Textures/NaturalEarthII/1/2/1.jpg      15 KiB          [emitted]  
                  Cesium/Assets/Textures/NaturalEarthII/1/3/0.jpg    10.3 KiB          [emitted]  
                  Cesium/Assets/Textures/NaturalEarthII/1/3/1.jpg      13 KiB          [emitted]  
                  Cesium/Assets/Textures/NaturalEarthII/2/0/0.jpg    7.97 KiB          [emitted]  
                  Cesium/Assets/Textures/NaturalEarthII/2/0/1.jpg    9.09 KiB          [emitted]  
                  Cesium/Assets/Textures/NaturalEarthII/2/0/2.jpg    7.71 KiB          [emitted]  
                  Cesium/Assets/Textures/NaturalEarthII/2/0/3.jpg    10.1 KiB          [emitted]  
                  Cesium/Assets/Textures/NaturalEarthII/2/1/0.jpg    7.67 KiB          [emitted]  
                  Cesium/Assets/Textures/NaturalEarthII/2/1/1.jpg    6.69 KiB          [emitted]  
                  Cesium/Assets/Textures/NaturalEarthII/2/1/2.jpg    11.3 KiB          [emitted]  
                  Cesium/Assets/Textures/NaturalEarthII/2/1/3.jpg    15.5 KiB          [emitted]  
                  Cesium/Assets/Textures/NaturalEarthII/2/2/0.jpg    10.4 KiB          [emitted]  
                  Cesium/Assets/Textures/NaturalEarthII/2/2/1.jpg    12.2 KiB          [emitted]  
                  Cesium/Assets/Textures/NaturalEarthII/2/2/2.jpg      12 KiB          [emitted]  
                  Cesium/Assets/Textures/NaturalEarthII/2/2/3.jpg    14.6 KiB          [emitted]  
                  Cesium/Assets/Textures/NaturalEarthII/2/3/0.jpg    9.31 KiB          [emitted]  
                  Cesium/Assets/Textures/NaturalEarthII/2/3/1.jpg    9.99 KiB          [emitted]  
                  Cesium/Assets/Textures/NaturalEarthII/2/3/2.jpg    11.4 KiB          [emitted]  
                  Cesium/Assets/Textures/NaturalEarthII/2/3/3.jpg    10.5 KiB          [emitted]  
                  Cesium/Assets/Textures/NaturalEarthII/2/4/0.jpg    8.28 KiB          [emitted]  
                  Cesium/Assets/Textures/NaturalEarthII/2/4/1.jpg      12 KiB          [emitted]  
                  Cesium/Assets/Textures/NaturalEarthII/2/4/2.jpg    16.1 KiB          [emitted]  
                  Cesium/Assets/Textures/NaturalEarthII/2/4/3.jpg    11.6 KiB          [emitted]  
                  Cesium/Assets/Textures/NaturalEarthII/2/5/0.jpg    7.36 KiB          [emitted]  
                  Cesium/Assets/Textures/NaturalEarthII/2/5/1.jpg      10 KiB          [emitted]  
                  Cesium/Assets/Textures/NaturalEarthII/2/5/2.jpg    15.7 KiB          [emitted]  
                  Cesium/Assets/Textures/NaturalEarthII/2/5/3.jpg    11.6 KiB          [emitted]  
                  Cesium/Assets/Textures/NaturalEarthII/2/6/0.jpg    6.48 KiB          [emitted]  
                  Cesium/Assets/Textures/NaturalEarthII/2/6/1.jpg    11.3 KiB          [emitted]  
                  Cesium/Assets/Textures/NaturalEarthII/2/6/2.jpg      16 KiB          [emitted]  
                  Cesium/Assets/Textures/NaturalEarthII/2/6/3.jpg    12.5 KiB          [emitted]  
                  Cesium/Assets/Textures/NaturalEarthII/2/7/0.jpg    8.82 KiB          [emitted]  
                  Cesium/Assets/Textures/NaturalEarthII/2/7/1.jpg    12.7 KiB          [emitted]  
                  Cesium/Assets/Textures/NaturalEarthII/2/7/2.jpg    11.1 KiB          [emitted]  
                  Cesium/Assets/Textures/NaturalEarthII/2/7/3.jpg    11.6 KiB          [emitted]  
        Cesium/Assets/Textures/NaturalEarthII/tilemapresource.xml   780 bytes          [emitted]  
                 Cesium/Assets/Textures/SkyBox/tycho2t3_80_mx.jpg     131 KiB          [emitted]  
                 Cesium/Assets/Textures/SkyBox/tycho2t3_80_my.jpg     164 KiB          [emitted]  
                 Cesium/Assets/Textures/SkyBox/tycho2t3_80_mz.jpg     179 KiB          [emitted]  
                 Cesium/Assets/Textures/SkyBox/tycho2t3_80_px.jpg     135 KiB          [emitted]  
                 Cesium/Assets/Textures/SkyBox/tycho2t3_80_py.jpg     165 KiB          [emitted]  
                 Cesium/Assets/Textures/SkyBox/tycho2t3_80_pz.jpg     165 KiB          [emitted]  
                                 Cesium/Assets/Textures/arrow.png    18.1 KiB          [emitted]  
                 Cesium/Assets/Textures/excavationregion_side.jpg     785 KiB          [emitted]  
                  Cesium/Assets/Textures/excavationregion_top.jpg     772 KiB          [emitted]  
                                  Cesium/Assets/Textures/logo.png      23 KiB          [emitted]  
                         Cesium/Assets/Textures/maki/airfield.png    1.16 KiB          [emitted]  
                          Cesium/Assets/Textures/maki/airport.png    1.52 KiB          [emitted]  
                     Cesium/Assets/Textures/maki/alcohol-shop.png    1.26 KiB          [emitted]  
                 Cesium/Assets/Textures/maki/america-football.png    2.53 KiB          [emitted]  
                      Cesium/Assets/Textures/maki/art-gallery.png    3.08 KiB          [emitted]  
                           Cesium/Assets/Textures/maki/bakery.png    2.65 KiB          [emitted]  
                             Cesium/Assets/Textures/maki/bank.png   936 bytes          [emitted]  
                              Cesium/Assets/Textures/maki/bar.png     1.4 KiB          [emitted]  
                         Cesium/Assets/Textures/maki/baseball.png    1.79 KiB          [emitted]  
                       Cesium/Assets/Textures/maki/basketball.png    1.29 KiB          [emitted]  
                             Cesium/Assets/Textures/maki/beer.png    1.37 KiB          [emitted]  
                          Cesium/Assets/Textures/maki/bicycle.png     3.9 KiB          [emitted]  
                      Cesium/Assets/Textures/maki/blu-diamond.png    3.16 KiB          [emitted]  
                         Cesium/Assets/Textures/maki/building.png    1.72 KiB          [emitted]  
                              Cesium/Assets/Textures/maki/bus.png   998 bytes          [emitted]  
                             Cesium/Assets/Textures/maki/cafe.png    1.48 KiB          [emitted]  
                           Cesium/Assets/Textures/maki/camera.png    1.93 KiB          [emitted]  
                         Cesium/Assets/Textures/maki/campsite.png    2.35 KiB          [emitted]  
                              Cesium/Assets/Textures/maki/car.png    1.46 KiB          [emitted]  
                         Cesium/Assets/Textures/maki/cemetery.png   967 bytes          [emitted]  
                           Cesium/Assets/Textures/maki/cesium.png    3.53 KiB          [emitted]  
                          Cesium/Assets/Textures/maki/chemist.png    1.57 KiB          [emitted]  
                           Cesium/Assets/Textures/maki/cinema.png    1.46 KiB          [emitted]  
                   Cesium/Assets/Textures/maki/circle-stroked.png    2.08 KiB          [emitted]  
                           Cesium/Assets/Textures/maki/circle.png    1.42 KiB          [emitted]  
                             Cesium/Assets/Textures/maki/city.png   788 bytes          [emitted]  
                   Cesium/Assets/Textures/maki/clothing-store.png    1.99 KiB          [emitted]  
                          Cesium/Assets/Textures/maki/college.png    2.44 KiB          [emitted]  
                       Cesium/Assets/Textures/maki/commercial.png  1000 bytes          [emitted]  
                          Cesium/Assets/Textures/maki/cricket.png    1.64 KiB          [emitted]  
                            Cesium/Assets/Textures/maki/cross.png    1.84 KiB          [emitted]  
                              Cesium/Assets/Textures/maki/dam.png    1.66 KiB          [emitted]  
                           Cesium/Assets/Textures/maki/danger.png    2.37 KiB          [emitted]  
                       Cesium/Assets/Textures/maki/disability.png    3.36 KiB          [emitted]  
                         Cesium/Assets/Textures/maki/dog-park.png    3.07 KiB          [emitted]  
                          Cesium/Assets/Textures/maki/embassy.png    1.64 KiB          [emitted]  
              Cesium/Assets/Textures/maki/emergency-telephone.png     1.5 KiB          [emitted]  
                         Cesium/Assets/Textures/maki/entrance.png    1.28 KiB          [emitted]  
                             Cesium/Assets/Textures/maki/farm.png    1.65 KiB          [emitted]  
                        Cesium/Assets/Textures/maki/fast-food.png    1.97 KiB          [emitted]  
                            Cesium/Assets/Textures/maki/ferry.png    2.81 KiB          [emitted]  
                     Cesium/Assets/Textures/maki/fire-station.png    2.18 KiB          [emitted]  
                             Cesium/Assets/Textures/maki/fuel.png     1.7 KiB          [emitted]  
                           Cesium/Assets/Textures/maki/garden.png    2.01 KiB          [emitted]  
                             Cesium/Assets/Textures/maki/gift.png    1.57 KiB          [emitted]  
                             Cesium/Assets/Textures/maki/golf.png    1.95 KiB          [emitted]  
                           Cesium/Assets/Textures/maki/grepin.png    6.06 KiB          [emitted]  
                          Cesium/Assets/Textures/maki/grocery.png    1.39 KiB          [emitted]  
                      Cesium/Assets/Textures/maki/hairdresser.png    3.22 KiB          [emitted]  
                           Cesium/Assets/Textures/maki/harbor.png       2 KiB          [emitted]  
                            Cesium/Assets/Textures/maki/heart.png     1.7 KiB          [emitted]  
                         Cesium/Assets/Textures/maki/heliport.png    2.01 KiB          [emitted]  
                         Cesium/Assets/Textures/maki/hospital.png   909 bytes          [emitted]  
                        Cesium/Assets/Textures/maki/ice-cream.png    1.56 KiB          [emitted]  
                       Cesium/Assets/Textures/maki/industrial.png    1.07 KiB          [emitted]  
                         Cesium/Assets/Textures/maki/land-use.png    1.73 KiB          [emitted]  
                          Cesium/Assets/Textures/maki/laundry.png    2.35 KiB          [emitted]  
                          Cesium/Assets/Textures/maki/library.png    1.32 KiB          [emitted]  
                       Cesium/Assets/Textures/maki/lighthouse.png     1.9 KiB          [emitted]  
                          Cesium/Assets/Textures/maki/lodging.png    1.33 KiB          [emitted]  
                          Cesium/Assets/Textures/maki/logging.png    1.35 KiB          [emitted]  
               Cesium/Assets/Textures/maki/london-underground.png    2.91 KiB          [emitted]  
                   Cesium/Assets/Textures/maki/marker-stroked.png    3.33 KiB          [emitted]  
                           Cesium/Assets/Textures/maki/marker.png    2.39 KiB          [emitted]  
                        Cesium/Assets/Textures/maki/minefield.png    1.86 KiB          [emitted]  
                      Cesium/Assets/Textures/maki/mobilephone.png    1.44 KiB          [emitted]  
                         Cesium/Assets/Textures/maki/monument.png    1.34 KiB          [emitted]  
                           Cesium/Assets/Textures/maki/museum.png    2.52 KiB          [emitted]  
                            Cesium/Assets/Textures/maki/music.png    1.34 KiB          [emitted]  
                         Cesium/Assets/Textures/maki/oil-well.png    3.28 KiB          [emitted]  
                             Cesium/Assets/Textures/maki/park.png    2.01 KiB          [emitted]  
                            Cesium/Assets/Textures/maki/park2.png    2.23 KiB          [emitted]  
                   Cesium/Assets/Textures/maki/parking-garage.png    1.53 KiB          [emitted]  
                          Cesium/Assets/Textures/maki/parking.png    1.22 KiB          [emitted]  
                         Cesium/Assets/Textures/maki/pharmacy.png    2.21 KiB          [emitted]  
                            Cesium/Assets/Textures/maki/pitch.png    3.21 KiB          [emitted]  
                 Cesium/Assets/Textures/maki/place-of-worship.png    1.08 KiB          [emitted]  
                       Cesium/Assets/Textures/maki/playground.png    3.77 KiB          [emitted]  
                           Cesium/Assets/Textures/maki/police.png    2.14 KiB          [emitted]  
                    Cesium/Assets/Textures/maki/polling-place.png    1.73 KiB          [emitted]  
                             Cesium/Assets/Textures/maki/post.png    1.24 KiB          [emitted]  
                           Cesium/Assets/Textures/maki/prison.png    1.34 KiB          [emitted]  
                       Cesium/Assets/Textures/maki/rail-above.png    2.02 KiB          [emitted]  
                       Cesium/Assets/Textures/maki/rail-light.png    2.75 KiB          [emitted]  
                       Cesium/Assets/Textures/maki/rail-metro.png     2.2 KiB          [emitted]  
                 Cesium/Assets/Textures/maki/rail-underground.png    1.95 KiB          [emitted]  
                             Cesium/Assets/Textures/maki/rail.png    2.02 KiB          [emitted]  
              Cesium/Assets/Textures/maki/religious-christian.png   948 bytes          [emitted]  
                 Cesium/Assets/Textures/maki/religious-jewish.png    2.33 KiB          [emitted]  
                 Cesium/Assets/Textures/maki/religious-muslim.png    3.83 KiB          [emitted]  
                       Cesium/Assets/Textures/maki/restaurant.png    2.44 KiB          [emitted]  
                        Cesium/Assets/Textures/maki/roadblock.png    1.28 KiB          [emitted]  
                           Cesium/Assets/Textures/maki/rocket.png    1.61 KiB          [emitted]  
                           Cesium/Assets/Textures/maki/school.png    3.75 KiB          [emitted]  
                          Cesium/Assets/Textures/maki/scooter.png    2.87 KiB          [emitted]  
                             Cesium/Assets/Textures/maki/shop.png    1.51 KiB          [emitted]  
                           Cesium/Assets/Textures/maki/skiing.png    3.27 KiB          [emitted]  
                   Cesium/Assets/Textures/maki/slaughterhouse.png    2.22 KiB          [emitted]  
                           Cesium/Assets/Textures/maki/soccer.png    2.36 KiB          [emitted]  
                   Cesium/Assets/Textures/maki/square-stroked.png   650 bytes          [emitted]  
                           Cesium/Assets/Textures/maki/square.png   582 bytes          [emitted]  
                     Cesium/Assets/Textures/maki/star-stroked.png    3.38 KiB          [emitted]  
                             Cesium/Assets/Textures/maki/star.png    2.64 KiB          [emitted]  
                         Cesium/Assets/Textures/maki/suitcase.png     1.1 KiB          [emitted]  
                         Cesium/Assets/Textures/maki/swimming.png    2.06 KiB          [emitted]  
                        Cesium/Assets/Textures/maki/telephone.png    1.66 KiB          [emitted]  
                           Cesium/Assets/Textures/maki/tennis.png    1.62 KiB          [emitted]  
                          Cesium/Assets/Textures/maki/theatre.png    3.16 KiB          [emitted]  
                          Cesium/Assets/Textures/maki/toilets.png    2.85 KiB          [emitted]  
                        Cesium/Assets/Textures/maki/town-hall.png    1.96 KiB          [emitted]  
                             Cesium/Assets/Textures/maki/town.png     1.1 KiB          [emitted]  
                 Cesium/Assets/Textures/maki/triangle-stroked.png    2.77 KiB          [emitted]  
                         Cesium/Assets/Textures/maki/triangle.png    2.09 KiB          [emitted]  
                          Cesium/Assets/Textures/maki/village.png    2.09 KiB          [emitted]  
                        Cesium/Assets/Textures/maki/warehouse.png    1.86 KiB          [emitted]  
                     Cesium/Assets/Textures/maki/waste-basket.png    1.87 KiB          [emitted]  
                            Cesium/Assets/Textures/maki/water.png    2.35 KiB          [emitted]  
                          Cesium/Assets/Textures/maki/wetland.png     2.1 KiB          [emitted]  
                              Cesium/Assets/Textures/maki/zoo.png    2.62 KiB          [emitted]  
                             Cesium/Assets/Textures/moonSmall.jpg    17.8 KiB          [emitted]  
                                   Cesium/Assets/Textures/pin.svg   348 bytes          [emitted]  
                          Cesium/Assets/Textures/waterNormals.jpg     287 KiB          [emitted]  
                     Cesium/Assets/Textures/waterNormalsSmall.jpg    33.3 KiB          [emitted]  
                     Cesium/Assets/approximateTerrainHeights.json     517 KiB          [emitted]  
                                                 Cesium/Cesium.js    2.23 MiB          [emitted]  
                                     Cesium/Terrain/0/0/0.terrain     291 KiB          [emitted]  
                                     Cesium/Terrain/0/1/0.terrain     291 KiB          [emitted]  
                                 Cesium/Terrain_STK/0/0/0.terrain      68 KiB          [emitted]  
                                 Cesium/Terrain_STK/0/1/0.terrain      68 KiB          [emitted]  
                             Cesium/ThirdParty/Workers/deflate.js    19.4 KiB          [emitted]  
                             Cesium/ThirdParty/Workers/inflate.js      24 KiB          [emitted]  
                           Cesium/Widgets/Animation/Animation.css     2.3 KiB          [emitted]  
                             Cesium/Widgets/Animation/lighter.css    1.66 KiB          [emitted]  
               Cesium/Widgets/BaseLayerPicker/BaseLayerPicker.css    1.95 KiB          [emitted]  
                       Cesium/Widgets/BaseLayerPicker/lighter.css   620 bytes          [emitted]  
 Cesium/Widgets/Cesium3DTilesInspector/Cesium3DTilesInspector.css    2.51 KiB          [emitted]  
               Cesium/Widgets/CesiumInspector/CesiumInspector.css    1.92 KiB          [emitted]  
                     Cesium/Widgets/CesiumWidget/CesiumWidget.css  1010 bytes          [emitted]  
                          Cesium/Widgets/CesiumWidget/lighter.css   269 bytes          [emitted]  
             Cesium/Widgets/FullscreenButton/FullscreenButton.css   102 bytes          [emitted]  
                             Cesium/Widgets/Geocoder/Geocoder.css    1.04 KiB          [emitted]  
                              Cesium/Widgets/Geocoder/lighter.css   397 bytes          [emitted]  
            Cesium/Widgets/Images/ImageryProviders/bingAerial.png    9.71 KiB          [emitted]  
      Cesium/Widgets/Images/ImageryProviders/bingAerialLabels.png    10.1 KiB          [emitted]  
             Cesium/Widgets/Images/ImageryProviders/bingRoads.png    7.89 KiB          [emitted]  
           Cesium/Widgets/Images/ImageryProviders/blackMarble.png     5.7 KiB          [emitted]  
Cesium/Widgets/Images/ImageryProviders/esriNationalGeographic.png    11.3 KiB          [emitted]  
      Cesium/Widgets/Images/ImageryProviders/esriWorldImagery.png    11.3 KiB          [emitted]  
    Cesium/Widgets/Images/ImageryProviders/esriWorldStreetMap.png     8.3 KiB          [emitted]  
 Cesium/Widgets/Images/ImageryProviders/mapQuestOpenStreetMap.png    11.1 KiB          [emitted]  
       Cesium/Widgets/Images/ImageryProviders/mapboxSatellite.png    9.03 KiB          [emitted]  
         Cesium/Widgets/Images/ImageryProviders/mapboxStreets.png     7.1 KiB          [emitted]  
         Cesium/Widgets/Images/ImageryProviders/mapboxTerrain.png    8.11 KiB          [emitted]  
        Cesium/Widgets/Images/ImageryProviders/naturalEarthII.png    7.32 KiB          [emitted]  
         Cesium/Widgets/Images/ImageryProviders/openStreetMap.png     2.6 KiB          [emitted]  
           Cesium/Widgets/Images/ImageryProviders/stamenToner.png    4.02 KiB          [emitted]  
      Cesium/Widgets/Images/ImageryProviders/stamenWatercolor.png    10.6 KiB          [emitted]  
             Cesium/Widgets/Images/Navigation/arrows_e_active.png    3.41 KiB          [emitted]  
             Cesium/Widgets/Images/Navigation/arrows_n_active.png     3.4 KiB          [emitted]  
             Cesium/Widgets/Images/Navigation/arrows_s_active.png    3.41 KiB          [emitted]  
             Cesium/Widgets/Images/Navigation/arrows_w_active.png    3.43 KiB          [emitted]  
              Cesium/Widgets/Images/Navigation/compass_active.png    5.76 KiB          [emitted]  
                        Cesium/Widgets/Images/Navigation/ring.png    8.36 KiB          [emitted]  
                 Cesium/Widgets/Images/Navigation/ring_active.png    8.48 KiB          [emitted]  
                        Cesium/Widgets/Images/Navigation/tilt.png    4.67 KiB          [emitted]  
                     Cesium/Widgets/Images/Navigation/tiltbar.png    3.05 KiB          [emitted]  
                        Cesium/Widgets/Images/Navigation/zoom.png    3.85 KiB          [emitted]  
              Cesium/Widgets/Images/Navigation/zoom_active_in.png    3.45 KiB          [emitted]  
             Cesium/Widgets/Images/Navigation/zoom_active_out.png    3.33 KiB          [emitted]  
                     Cesium/Widgets/Images/Navigation/zoombar.png    3.33 KiB          [emitted]  
                   Cesium/Widgets/Images/NavigationHelp/Mouse.svg    5.49 KiB          [emitted]  
               Cesium/Widgets/Images/NavigationHelp/MouseLeft.svg    5.45 KiB          [emitted]  
             Cesium/Widgets/Images/NavigationHelp/MouseMiddle.svg    5.45 KiB          [emitted]  
              Cesium/Widgets/Images/NavigationHelp/MouseRight.svg    5.44 KiB          [emitted]  
                   Cesium/Widgets/Images/NavigationHelp/Touch.svg    3.37 KiB          [emitted]  
               Cesium/Widgets/Images/NavigationHelp/TouchDrag.svg    6.14 KiB          [emitted]  
             Cesium/Widgets/Images/NavigationHelp/TouchRotate.svg    5.49 KiB          [emitted]  
               Cesium/Widgets/Images/NavigationHelp/TouchTilt.svg    5.72 KiB          [emitted]  
               Cesium/Widgets/Images/NavigationHelp/TouchZoom.svg    5.35 KiB          [emitted]  
             Cesium/Widgets/Images/TerrainProviders/Ellipsoid.png    6.03 KiB          [emitted]  
                   Cesium/Widgets/Images/TerrainProviders/STK.png    4.38 KiB          [emitted]  
                          Cesium/Widgets/Images/TimelineIcons.png   781 bytes          [emitted]  
         Cesium/Widgets/Images/ZoomIndicator/zoom_Identifiers.png    14.9 KiB          [emitted]  
                                Cesium/Widgets/Images/compass.s3m    8.41 KiB          [emitted]  
                               Cesium/Widgets/Images/cur/Hold.cur    2.19 KiB          [emitted]  
                                Cesium/Widgets/Images/cur/Pan.cur    2.19 KiB          [emitted]  
                           Cesium/Widgets/Images/info-loading.gif   723 bytes          [emitted]  
                               Cesium/Widgets/InfoBox/InfoBox.css    1.54 KiB          [emitted]  
                    Cesium/Widgets/InfoBox/InfoBoxDescription.css    4.04 KiB          [emitted]  
                         Cesium/Widgets/Navigation/navigation.css    3.45 KiB          [emitted]  
     Cesium/Widgets/NavigationHelpButton/NavigationHelpButton.css    1.68 KiB          [emitted]  
                  Cesium/Widgets/NavigationHelpButton/lighter.css   890 bytes          [emitted]  
       Cesium/Widgets/PerformanceWatchdog/PerformanceWatchdog.css   256 bytes          [emitted]  
             Cesium/Widgets/ProjectionPicker/ProjectionPicker.css    1.02 KiB          [emitted]  
               Cesium/Widgets/SceneModePicker/SceneModePicker.css    1.54 KiB          [emitted]  
         Cesium/Widgets/SelectionIndicator/SelectionIndicator.css   338 bytes          [emitted]  
                             Cesium/Widgets/Timeline/Timeline.css    1.32 KiB          [emitted]  
                              Cesium/Widgets/Timeline/lighter.css   336 bytes          [emitted]  
                             Cesium/Widgets/VRButton/VRButton.css    94 bytes          [emitted]  
                                 Cesium/Widgets/Viewer/Viewer.css    1.68 KiB          [emitted]  
                   Cesium/Widgets/ZoomIndicator/ZoomIndicator.css   450 bytes          [emitted]  
                                       Cesium/Widgets/lighter.css    4.98 KiB          [emitted]  
                                 Cesium/Widgets/lighterShared.css   886 bytes          [emitted]  
                                        Cesium/Widgets/shared.css    1.51 KiB          [emitted]  
                                       Cesium/Widgets/widgets.css    25.6 KiB          [emitted]  
                                 Cesium/Workers/S3MTilesParser.js     162 KiB          [emitted]  
                       Cesium/Workers/cesiumWorkerBootstrapper.js      18 KiB          [emitted]  
                                Cesium/Workers/combineGeometry.js     163 KiB          [emitted]  
                              Cesium/Workers/createBoxGeometry.js     107 KiB          [emitted]  
                       Cesium/Workers/createBoxOutlineGeometry.js     102 KiB          [emitted]  
                           Cesium/Workers/createCircleGeometry.js     232 KiB          [emitted]  
                    Cesium/Workers/createCircleOutlineGeometry.js     117 KiB          [emitted]  
                         Cesium/Workers/createCorridorGeometry.js     226 KiB          [emitted]  
                  Cesium/Workers/createCorridorOutlineGeometry.js     217 KiB          [emitted]  
                         Cesium/Workers/createCylinderGeometry.js     111 KiB          [emitted]  
                  Cesium/Workers/createCylinderOutlineGeometry.js     108 KiB          [emitted]  
                          Cesium/Workers/createEllipseGeometry.js     230 KiB          [emitted]  
                   Cesium/Workers/createEllipseOutlineGeometry.js     116 KiB          [emitted]  
                        Cesium/Workers/createEllipsoidGeometry.js     110 KiB          [emitted]  
                 Cesium/Workers/createEllipsoidOutlineGeometry.js     104 KiB          [emitted]  
                          Cesium/Workers/createFrustumGeometry.js     129 KiB          [emitted]  
                   Cesium/Workers/createFrustumOutlineGeometry.js     131 KiB          [emitted]  
                                 Cesium/Workers/createGeometry.js     163 KiB          [emitted]  
                          Cesium/Workers/createPolygonGeometry.js     247 KiB          [emitted]  
                   Cesium/Workers/createPolygonOutlineGeometry.js     239 KiB          [emitted]  
                         Cesium/Workers/createPolylineGeometry.js     144 KiB          [emitted]  
                   Cesium/Workers/createPolylineVolumeGeometry.js     248 KiB          [emitted]  
            Cesium/Workers/createPolylineVolumeOutlineGeometry.js     213 KiB          [emitted]  
                        Cesium/Workers/createRectangleGeometry.js     190 KiB          [emitted]  
                 Cesium/Workers/createRectangleOutlineGeometry.js     126 KiB          [emitted]  
                   Cesium/Workers/createSimplePolylineGeometry.js     141 KiB          [emitted]  
                           Cesium/Workers/createSphereGeometry.js     111 KiB          [emitted]  
                    Cesium/Workers/createSphereOutlineGeometry.js     105 KiB          [emitted]  
  Cesium/Workers/createVerticesFromGoogleEarthEnterpriseBuffer.js     207 KiB          [emitted]  
                    Cesium/Workers/createVerticesFromHeightmap.js     206 KiB          [emitted]  
         Cesium/Workers/createVerticesFromQuantizedTerrainMesh.js     204 KiB          [emitted]  
                             Cesium/Workers/createWallGeometry.js     211 KiB          [emitted]  
                      Cesium/Workers/createWallOutlineGeometry.js     208 KiB          [emitted]  
              Cesium/Workers/decodeGoogleEarthEnterprisePacket.js    31.4 KiB          [emitted]  
                              Cesium/Workers/transcodeCRNToDXT.js     164 KiB          [emitted]  
                         Cesium/Workers/transferTypedArrayTest.js       1 KiB          [emitted]  
                   Cesium/Workers/upsampleQuantizedTerrainMesh.js     209 KiB          [emitted]  
                                       Cesium/Workers/zlib.min.js      18 KiB          [emitted]  
                                                           app.js    23.6 MiB     app  [emitted]  app
                            eef7ead379eb22cb568067412c04b0a5.gltf     328 KiB          [emitted]  
                                                       index.html   947 bytes          [emitted]  
Entrypoint app = app.js
[0] multi ./src/index.jsx 28 bytes {app} [built]
[./src/index.jsx] 2.52 KiB {app} [built]
[./src/index.less] 1.02 KiB {app} [built]
[./src/models/areaSpecialMap.js] 286 bytes {app} [built]
[./src/models/cameraAnalysis.js] 2.07 KiB {app} [built]
[./src/models/cameraManagement.js] 1.37 KiB {app} [built]
[./src/models/caseEntry.js] 11.4 KiB {app} [built]
[./src/models/caseManagment.js] 1.56 KiB {app} [built]
[./src/models/cesium.js] 1.34 KiB {app} [built]
[./src/models/cesiumPublic.js] 2.35 KiB {app} [built]
[./src/models/flightPathManagement.js] 11.7 KiB {app} [built]
[./src/models/indexPage.js] 2.03 KiB {app} [built]
[./src/models/layout.js] 1.33 KiB {app} [built]
[./src/models/leftMenu.js] 1.54 KiB {app} [built]
[./src/models/map.js] 77.2 KiB {app} [built]
    + 3186 hidden modules

WARNING in ./src/routes/InformationAnalysis/PoliceStationAnalysis/CaseInquiry.jsx 222:31-43
"export 'default' (imported as 'EchartsLayer') was not found in '../../../components/Map/MapLayer/ScatterPlotDemo'
 @ ./src/router.jsx
 @ ./src/index.jsx
 @ multi ./src/index.jsx

WARNING in ./src/routes/CaseAnalysis/CaseEntry.jsx 136:31-43
"export 'default' (imported as 'EchartsLayer') was not found in '../../components/Map/MapLayer/ScatterPlotDemo'
 @ ./src/router.jsx
 @ ./src/index.jsx
 @ multi ./src/index.jsx
Child html-webpack-plugin for "index.html":
     1 asset
    Entrypoint undefined = index.html
    [./node_modules/html-webpack-plugin/lib/loader.js!./src/index.ejs] 1.09 KiB {0} [built]
    [./node_modules/webpack/buildin/global.js] (webpack)/buildin/global.js 472 bytes {0} [built]
    [./node_modules/webpack/buildin/module.js] (webpack)/buildin/module.js 497 bytes {0} [built]
        + 1 hidden module
